This is pdfTeX, Version 3.14159265-2.6-1.40.16 (TeX Live 2015/Debian) (preloaded format=pdflatex 2018.1.11)  1 JUN 2018 21:00
entering extended mode
 restricted \write18 enabled.
 %&-line parsing enabled.
**report.tex
(./report.tex
LaTeX2e <2016/02/01>
Babel <3.9q> and hyphenation patterns for 81 language(s) loaded.
(/usr/share/texlive/texmf-dist/tex/latex/base/article.cls
Document Class: article 2014/09/29 v1.4h Standard LaTeX document class
(/usr/share/texlive/texmf-dist/tex/latex/base/size12.clo
File: size12.clo 2014/09/29 v1.4h Standard LaTeX file (size option)
)
\c@part=\count79
\c@section=\count80
\c@subsection=\count81
\c@subsubsection=\count82
\c@paragraph=\count83
\c@subparagraph=\count84
\c@figure=\count85
\c@table=\count86
\abovecaptionskip=\skip41
\belowcaptionskip=\skip42
\bibindent=\dimen102
)
(/usr/share/texlive/texmf-dist/tex/latex/graphics/graphicx.sty
Package: graphicx 2014/10/28 v1.0g Enhanced LaTeX Graphics (DPC,SPQR)

(/usr/share/texlive/texmf-dist/tex/latex/graphics/keyval.sty
Package: keyval 2014/10/28 v1.15 key=value parser (DPC)
\KV@toks@=\toks14
)
(/usr/share/texlive/texmf-dist/tex/latex/graphics/graphics.sty
Package: graphics 2016/01/03 v1.0q Standard LaTeX Graphics (DPC,SPQR)

(/usr/share/texlive/texmf-dist/tex/latex/graphics/trig.sty
Package: trig 2016/01/03 v1.10 sin cos tan (DPC)
)
(/usr/share/texlive/texmf-dist/tex/latex/latexconfig/graphics.cfg
File: graphics.cfg 2010/04/23 v1.9 graphics configuration of TeX Live
)
Package graphics Info: Driver file: pdftex.def on input line 95.

(/usr/share/texlive/texmf-dist/tex/latex/pdftex-def/pdftex.def
File: pdftex.def 2011/05/27 v0.06d Graphics/color for pdfTeX

(/usr/share/texlive/texmf-dist/tex/generic/oberdiek/infwarerr.sty
Package: infwarerr 2010/04/08 v1.3 Providing info/warning/error messages (HO)
)
(/usr/share/texlive/texmf-dist/tex/generic/oberdiek/ltxcmds.sty
Package: ltxcmds 2011/11/09 v1.22 LaTeX kernel commands for general use (HO)
)
\Gread@gobject=\count87
))
\Gin@req@height=\dimen103
\Gin@req@width=\dimen104
)
(/usr/share/texlive/texmf-dist/tex/latex/geometry/geometry.sty
Package: geometry 2010/09/12 v5.6 Page Geometry

(/usr/share/texlive/texmf-dist/tex/generic/oberdiek/ifpdf.sty
Package: ifpdf 2011/01/30 v2.3 Provides the ifpdf switch (HO)
Package ifpdf Info: pdfTeX in PDF mode is detected.
)
(/usr/share/texlive/texmf-dist/tex/generic/oberdiek/ifvtex.sty
Package: ifvtex 2010/03/01 v1.5 Detect VTeX and its facilities (HO)
Package ifvtex Info: VTeX not detected.
)
(/usr/share/texlive/texmf-dist/tex/generic/ifxetex/ifxetex.sty
Package: ifxetex 2010/09/12 v0.6 Provides ifxetex conditional
)
\Gm@cnth=\count88
\Gm@cntv=\count89
\c@Gm@tempcnt=\count90
\Gm@bindingoffset=\dimen105
\Gm@wd@mp=\dimen106
\Gm@odd@mp=\dimen107
\Gm@even@mp=\dimen108
\Gm@layoutwidth=\dimen109
\Gm@layoutheight=\dimen110
\Gm@layouthoffset=\dimen111
\Gm@layoutvoffset=\dimen112
\Gm@dimlist=\toks15
)
(/usr/share/texlive/texmf-dist/tex/latex/tools/indentfirst.sty
Package: indentfirst 1995/11/23 v1.03 Indent first paragraph (DPC)
)
(/usr/share/texlive/texmf-dist/tex/latex/listings/listings.sty
\lst@mode=\count91
\lst@gtempboxa=\box26
\lst@token=\toks16
\lst@length=\count92
\lst@currlwidth=\dimen113
\lst@column=\count93
\lst@pos=\count94
\lst@lostspace=\dimen114
\lst@width=\dimen115
\lst@newlines=\count95
\lst@lineno=\count96
\lst@maxwidth=\dimen116

(/usr/share/texlive/texmf-dist/tex/latex/listings/lstmisc.sty
File: lstmisc.sty 2015/06/04 1.6 (Carsten Heinz)
\c@lstnumber=\count97
\lst@skipnumbers=\count98
\lst@framebox=\box27
)
(/usr/share/texlive/texmf-dist/tex/latex/listings/listings.cfg
File: listings.cfg 2015/06/04 1.6 listings configuration
))
Package: listings 2015/06/04 1.6 (Carsten Heinz)
 (./report.aux

LaTeX Warning: Label `fig:latency' multiply defined.

)
\openout1 = `report.aux'.

LaTeX Font Info:    Checking defaults for OML/cmm/m/it on input line 59.
LaTeX Font Info:    ... okay on input line 59.
LaTeX Font Info:    Checking defaults for T1/cmr/m/n on input line 59.
LaTeX Font Info:    ... okay on input line 59.
LaTeX Font Info:    Checking defaults for OT1/cmr/m/n on input line 59.
LaTeX Font Info:    ... okay on input line 59.
LaTeX Font Info:    Checking defaults for OMS/cmsy/m/n on input line 59.
LaTeX Font Info:    ... okay on input line 59.
LaTeX Font Info:    Checking defaults for OMX/cmex/m/n on input line 59.
LaTeX Font Info:    ... okay on input line 59.
LaTeX Font Info:    Checking defaults for U/cmr/m/n on input line 59.
LaTeX Font Info:    ... okay on input line 59.
 (/usr/share/texlive/texmf-dist/tex/context/base/supp-pdf.mkii
[Loading MPS to PDF converter (version 2006.09.02).]
\scratchcounter=\count99
\scratchdimen=\dimen117
\scratchbox=\box28
\nofMPsegments=\count100
\nofMParguments=\count101
\everyMPshowfont=\toks17
\MPscratchCnt=\count102
\MPscratchDim=\dimen118
\MPnumerator=\count103
\makeMPintoPDFobject=\count104
\everyMPtoPDFconversion=\toks18
) (/usr/share/texlive/texmf-dist/tex/generic/oberdiek/pdftexcmds.sty
Package: pdftexcmds 2011/11/29 v0.20 Utility functions of pdfTeX for LuaTeX (HO
)

(/usr/share/texlive/texmf-dist/tex/generic/oberdiek/ifluatex.sty
Package: ifluatex 2010/03/01 v1.3 Provides the ifluatex switch (HO)
Package ifluatex Info: LuaTeX not detected.
)
Package pdftexcmds Info: LuaTeX not detected.
Package pdftexcmds Info: \pdf@primitive is available.
Package pdftexcmds Info: \pdf@ifprimitive is available.
Package pdftexcmds Info: \pdfdraftmode found.
)
(/usr/share/texlive/texmf-dist/tex/latex/oberdiek/epstopdf-base.sty
Package: epstopdf-base 2010/02/09 v2.5 Base part for package epstopdf

(/usr/share/texlive/texmf-dist/tex/latex/oberdiek/grfext.sty
Package: grfext 2010/08/19 v1.1 Manage graphics extensions (HO)

(/usr/share/texlive/texmf-dist/tex/generic/oberdiek/kvdefinekeys.sty
Package: kvdefinekeys 2011/04/07 v1.3 Define keys (HO)
))
(/usr/share/texlive/texmf-dist/tex/latex/oberdiek/kvoptions.sty
Package: kvoptions 2011/06/30 v3.11 Key value format for package options (HO)

(/usr/share/texlive/texmf-dist/tex/generic/oberdiek/kvsetkeys.sty
Package: kvsetkeys 2012/04/25 v1.16 Key value parser (HO)

(/usr/share/texlive/texmf-dist/tex/generic/oberdiek/etexcmds.sty
Package: etexcmds 2011/02/16 v1.5 Avoid name clashes with e-TeX commands (HO)
Package etexcmds Info: Could not find \expanded.
(etexcmds)             That can mean that you are not using pdfTeX 1.50 or
(etexcmds)             that some package has redefined \expanded.
(etexcmds)             In the latter case, load this package earlier.
)))
Package grfext Info: Graphics extension search list:
(grfext)             [.png,.pdf,.jpg,.mps,.jpeg,.jbig2,.jb2,.PNG,.PDF,.JPG,.JPE
G,.JBIG2,.JB2,.eps]
(grfext)             \AppendGraphicsExtensions on input line 452.

(/usr/share/texlive/texmf-dist/tex/latex/latexconfig/epstopdf-sys.cfg
File: epstopdf-sys.cfg 2010/07/13 v1.3 Configuration of (r)epstopdf for TeX Liv
e
))
*geometry* driver: auto-detecting
*geometry* detected driver: pdftex
*geometry* verbose mode - [ preamble ] result:
* driver: pdftex
* paper: a4paper
* layout: <same size as paper>
* layoutoffset:(h,v)=(0.0pt,0.0pt)
* modes: 
* h-part:(L,W,R)=(89.62709pt, 418.25368pt, 89.6271pt)
* v-part:(T,H,B)=(101.40665pt, 591.5302pt, 152.11pt)
* \paperwidth=597.50787pt
* \paperheight=845.04684pt
* \textwidth=418.25368pt
* \textheight=591.5302pt
* \oddsidemargin=17.3571pt
* \evensidemargin=17.3571pt
* \topmargin=-7.86334pt
* \headheight=12.0pt
* \headsep=25.0pt
* \topskip=12.0pt
* \footskip=30.0pt
* \marginparwidth=35.0pt
* \marginparsep=10.0pt
* \columnsep=10.0pt
* \skip\footins=10.8pt plus 4.0pt minus 2.0pt
* \hoffset=0.0pt
* \voffset=0.0pt
* \mag=1000
* \@twocolumnfalse
* \@twosidefalse
* \@mparswitchfalse
* \@reversemarginfalse
* (1in=72.27pt=25.4mm, 1cm=28.453pt)

\c@lstlisting=\count105
LaTeX Font Info:    External font `cmex10' loaded for size
(Font)              <14.4> on input line 61.
LaTeX Font Info:    External font `cmex10' loaded for size
(Font)              <7> on input line 61.
LaTeX Font Info:    External font `cmex10' loaded for size
(Font)              <12> on input line 64.
LaTeX Font Info:    External font `cmex10' loaded for size
(Font)              <8> on input line 64.
LaTeX Font Info:    External font `cmex10' loaded for size
(Font)              <6> on input line 64.
(./report.toc [1

{/var/lib/texmf/fonts/map/pdftex/updmap/pdftex.map}] [2])
\tf@toc=\write3
\openout3 = `report.toc'.


[3]
Overfull \hbox (5.90025pt too wide) in paragraph at lines 159--164
[]\OT1/cmr/m/n/12 In the testbed ex-per-i-ments, we are us-ing Mel-lanox SN2700
 switch and ConnectX-
 []

[4]
Overfull \hbox (1.96141pt too wide) in paragraph at lines 189--193
[]\OT1/cmr/m/n/12 Explicit Con-ges-tion No-ti-fi-ca-tion is de-signed to in-di-
cate con-ges-tion to the sender.
 []

[5] <ECNMarking.png, id=25, 650.43pt x 424.58624pt>
File: ECNMarking.png Graphic file (type png)
 <use ECNMarking.png>
Package pdftex.def Info: ECNMarking.png used on input line 228.
(pdftex.def)             Requested size: 216.81pt x 141.52623pt.

[6 <./ECNMarking.png>] <DCQCNfail.png, id=31, 1319.93124pt x 376.40625pt>
File: DCQCNfail.png Graphic file (type png)

<use DCQCNfail.png>
Package pdftex.def Info: DCQCNfail.png used on input line 261.
(pdftex.def)             Requested size: 433.62pt x 123.65732pt.

Overfull \hbox (15.36632pt too wide) in paragraph at lines 261--262
 [] 
 []

[7 <./DCQCNfail.png>] <RPalg.png, id=36, 666.4128pt x 497.0267pt>
File: RPalg.png Graphic file (type png)

<use RPalg.png>
Package pdftex.def Info: RPalg.png used on input line 314.
(pdftex.def)             Requested size: 289.07999pt x 215.59814pt.
 [8] [9 <./RPalg.png>]
<Topology.png, id=45, 958.58125pt x 755.82375pt>
File: Topology.png Graphic file (type png)
 <use Topology.png>
Package pdftex.def Info: Topology.png used on input line 370.
(pdftex.def)             Requested size: 216.81pt x 170.94104pt.
 [10]
[11 <./Topology.png>] [12] [13] [14] [15] [16] [17]
<CNPint.png, id=71, 144.54pt x 609.27625pt>
File: CNPint.png Graphic file (type png)
 <use CNPint.png>
Package pdftex.def Info: CNPint.png used on input line 641.
(pdftex.def)             Requested size: 72.26999pt x 304.63737pt.

<2on1_1.png, id=72, 2409.0pt x 677.53125pt>
File: 2on1_1.png Graphic file (type png)
 <use 2on1_1.png>
Package pdftex.def Info: 2on1_1.png used on input line 667.
(pdftex.def)             Requested size: 433.62pt x 121.95036pt.

Overfull \hbox (15.36632pt too wide) in paragraph at lines 667--668
 [] 
 []

[18] <10on1_1.png, id=76, 2409.0pt x 677.53125pt>
File: 10on1_1.png Graphic file (type png)
 <use 10on1_1.png>
Package pdftex.def Info: 10on1_1.png used on input line 681.
(pdftex.def)             Requested size: 433.62pt x 121.95036pt.

Overfull \hbox (15.36632pt too wide) in paragraph at lines 681--682
 [] 
 []

<3_20_0.png, id=77, 2409.0pt x 677.53125pt>
File: 3_20_0.png Graphic file (type png)
 <use 3_20_0.png>
Package pdftex.def Info: 3_20_0.png used on input line 696.
(pdftex.def)             Requested size: 433.62pt x 121.95036pt.

Overfull \hbox (15.36632pt too wide) in paragraph at lines 696--697
 [] 
 []

[19 <./CNPint.png>] <default.png, id=83, 1761.58125pt x 190.7125pt>
File: default.png Graphic file (type png)

<use default.png>
Package pdftex.def Info: default.png used on input line 720.
(pdftex.def)             Requested size: 433.62pt x 46.94467pt.

Overfull \hbox (15.36632pt too wide) in paragraph at lines 720--721
 [] 
 []

[20 <./2on1_1.png> <./10on1_1.png>]
<improved.png, id=89, 1760.5775pt x 189.70876pt>
File: improved.png Graphic file (type png)
 <use improved.png>
Package pdftex.def Info: improved.png used on input line 742.
(pdftex.def)             Requested size: 433.62pt x 46.72365pt.

Overfull \hbox (15.36632pt too wide) in paragraph at lines 742--743
 [] 
 []

<buffer.png, id=90, 1204.5pt x 677.53125pt>
File: buffer.png Graphic file (type png)
 <use buffer.png>
Package pdftex.def Info: buffer.png used on input line 757.
(pdftex.def)             Requested size: 433.62pt x 243.91106pt.

Overfull \hbox (15.36632pt too wide) in paragraph at lines 757--758
 [] 
 []

<latency.png, id=91, 1204.5pt x 677.53125pt>
File: latency.png Graphic file (type png)
 <use latency.png>
Package pdftex.def Info: latency.png used on input line 765.
(pdftex.def)             Requested size: 433.62pt x 243.91106pt.

Overfull \hbox (15.36632pt too wide) in paragraph at lines 765--766
 [] 
 []

[21 <./3_20_0.png> <./default.png>] [22 <./improved.png> <./buffer.png>]

LaTeX Warning: Reference `fig:simulation' on page 23 undefined on input line 79
4.

<simulation.png, id=101, 1392.20125pt x 794.97pt>
File: simulation.png Graphic file (type png)
 <use simulation.png>
Package pdftex.def Info: simulation.png used on input line 798.
(pdftex.def)             Requested size: 433.62pt x 247.60266pt.

Overfull \hbox (15.36632pt too wide) in paragraph at lines 798--799
 [] 
 []

[23 <./latency.png>] [24 <./simulation.png>] (./report.bbl
Underfull \hbox (badness 10000) in paragraph at lines 29--31
[]\OT1/cmr/m/it/12 802.1Qaz - Quan-tized Con-ges-tion No-ti-fi-cac-tion\OT1/cmr
/m/n/12 ,
 []


Overfull \hbox (53.15776pt too wide) in paragraph at lines 33--35
[]\OT1/cmr/m/it/12 802.1Qbb - Priority-based Flow Con-trol\OT1/cmr/m/n/12 , htt
p://www.ieee802.org/1/pages/802.1bb.html,
 []


Underfull \hbox (badness 8075) in paragraph at lines 54--57
[]\OT1/cmr/m/n/12 ``Mellanox dc-qcn pa-ram-e-ters.'' [On-line]. Avail-able:
 []

) [25] (/usr/share/texlive/texmf-dist/tex/latex/listings/lstlang1.sty
File: lstlang1.sty 2015/06/04 1.6 listings language file
)
LaTeX Font Info:    Font shape `OT1/cmtt/bx/n' in size <12> not available
(Font)              Font shape `OT1/cmtt/m/n' tried instead on input line 851.
 [26]
[27] [28] [29] [30] [31] [32] [33] [34] [35] [36] [37] [38] [39] [40] [41]
[42] [43] [44] [45]
(/usr/share/texlive/texmf-dist/tex/latex/listings/lstlang1.sty
File: lstlang1.sty 2015/06/04 1.6 listings language file
)
(/usr/share/texlive/texmf-dist/tex/latex/listings/lstmisc.sty
File: lstmisc.sty 2015/06/04 1.6 (Carsten Heinz)
) [46] [47]
[48] [49] [50] (./report.aux)

LaTeX Warning: There were undefined references.


LaTeX Warning: There were multiply-defined labels.

 ) 
Here is how much of TeX's memory you used:
 3745 strings out of 493029
 52909 string characters out of 6136234
 369792 words of memory out of 5000000
 7233 multiletter control sequences out of 15000+600000
 10570 words of font info for 38 fonts, out of 8000000 for 9000
 1141 hyphenation exceptions out of 8191
 38i,6n,51p,248b,1645s stack positions out of 5000i,500n,10000p,200000b,80000s
</usr/share/texlive/texmf-dist/fonts/type1/public/amsfonts/cm/cmbx10.pfb></us
r/share/texlive/texmf-dist/fonts/type1/public/amsfonts/cm/cmbx12.pfb></usr/shar
e/texlive/texmf-dist/fonts/type1/public/amsfonts/cm/cmcsc10.pfb></usr/share/tex
live/texmf-dist/fonts/type1/public/amsfonts/cm/cmitt10.pfb></usr/share/texlive/
texmf-dist/fonts/type1/public/amsfonts/cm/cmmi12.pfb></usr/share/texlive/texmf-
dist/fonts/type1/public/amsfonts/cm/cmmi8.pfb></usr/share/texlive/texmf-dist/fo
nts/type1/public/amsfonts/cm/cmr10.pfb></usr/share/texlive/texmf-dist/fonts/typ
e1/public/amsfonts/cm/cmr12.pfb></usr/share/texlive/texmf-dist/fonts/type1/publ
ic/amsfonts/cm/cmr17.pfb></usr/share/texlive/texmf-dist/fonts/type1/public/amsf
onts/cm/cmr8.pfb></usr/share/texlive/texmf-dist/fonts/type1/public/amsfonts/cm/
cmsltt10.pfb></usr/share/texlive/texmf-dist/fonts/type1/public/amsfonts/cm/cmsy
10.pfb></usr/share/texlive/texmf-dist/fonts/type1/public/amsfonts/cm/cmti12.pfb
></usr/share/texlive/texmf-dist/fonts/type1/public/amsfonts/cm/cmtt12.pfb>
Output written on report.pdf (50 pages, 1034954 bytes).
PDF statistics:
 244 PDF objects out of 1000 (max. 8388607)
 156 compressed objects within 2 object streams
 0 named destinations out of 1000 (max. 500000)
 66 words of extra memory for PDF output out of 10000 (max. 10000000)

